New log file opened at Sun Aug 14 16:57:28 CST 2016 by 8404@slave3
Taking next connection to: 42108
New client attempting to connect on port: 38154-42108
  Address = /166.111.82.20:42108
This client on port 38154 has uuid b022b52f-ff41-49b4-864c-67e91b7f3bc6 configName activator humanReadableName Activator protocolVersion 3 featureTags Vector()
Connected Clients: activator-b022b52f-ff41-49b4-864c-67e91b7f3bc6
Taking next connection to: 42108
New client attempting to connect on port: 38156-42108
  Address = /166.111.82.20:42108
Handshake exception on socket: 38156
sbt.impl.ipc.HandshakeException: Unable to perform handshake
	at sbt.impl.ipc.Peer.handshake(IPC.scala:46)
	at sbt.impl.ipc.MultiClientServer.<init>(IPC.scala:150)
	at sbt.server.SbtServerSocketHandler$$anon$1.run(SbtServerSocketHandler.scala:43)
Caused by: java.io.EOFException
	at java.io.DataInputStream.readInt(DataInputStream.java:392)
	at sbt.impl.ipc.Peer.receive(IPC.scala:95)
	at sbt.impl.ipc.Peer.handshake(IPC.scala:49)
	... 2 more
Taking next connection to: 42108
New client attempting to connect on port: 38158-42108
  Address = /166.111.82.20:42108
This client on port 38158 has uuid a2687877-e851-4ed1-b80f-5d16d4030497 configName play-fork-run humanReadableName Play Fork Run protocolVersion 1 featureTags Vector()
Connected Clients: activator-b022b52f-ff41-49b4-864c-67e91b7f3bc6, play-fork-run-a2687877-e851-4ed1-b80f-5d16d4030497
Taking next connection to: 42108
Checking to see if clients are empty...
We have 1 non-daemon clients, continuing serving connections.
Taking next connection to: 42108
Checking to see if clients are empty...
We have 1 non-daemon clients, continuing serving connections.
Taking next connection to: 42108
Checking to see if clients are empty...
We have 1 non-daemon clients, continuing serving connections.
Taking next connection to: 42108
Checking to see if clients are empty...
We have 1 non-daemon clients, continuing serving connections.
Taking next connection to: 42108
Checking to see if clients are empty...
No non-daemon clients connected after 3 min. Shutting down.
1 daemon clients are connected.
Server socket thread exiting.
1 clients open, will close them...
All client sockets have been closed.
Closing the 8404@slave3 logs at Sun Aug 14 17:13:54 CST 2016, goodbye.
