New log file opened at Sun Sep 18 16:56:30 CST 2016 by 2144@Scotts-MacBook-Pro.local
Sending msg to client play-fork-run-f0207990-0d48-4dd2-bbdd-ab0f15f47aec: DetachedLogEvent(LogMessage(debug,sbt server socket logs are in: /Users/Scott/Code/aircheck-server/.sbtserver/connections/master.log))
Sending msg to client play-fork-run-f0207990-0d48-4dd2-bbdd-ab0f15f47aec: DetachedLogEvent(LogMessage(debug,sbt client logs are in: /Users/Scott/Code/aircheck-server/.sbtserver/connections/play-fork-run-f0207990-0d48-4dd2-bbdd-ab0f15f47aec.log))
Sending msg to client play-fork-run-f0207990-0d48-4dd2-bbdd-ab0f15f47aec: DetachedLogEvent(LogMessage(debug,sbt general server logs are in: /Users/Scott/Code/aircheck-server/.sbtserver/master.log))
Reading next message from client.
Got request: DaemonRequest(true)
Reading next message from client.
Sending msg to client play-fork-run-f0207990-0d48-4dd2-bbdd-ab0f15f47aec: (3,ReceivedResponse())
Got request: ListenToEvents()
Reading next message from client.
Sending msg to client play-fork-run-f0207990-0d48-4dd2-bbdd-ab0f15f47aec: BackgroundJobStarted(74,BackgroundJobInfo(12,backgroundRun,AttributeKey[sbt.BackgroundJobHandle]("backgroundRun") in Scope(Build: file:/Users/Scott/Code/aircheck-server/, , Project: ProjectReference(file:/Users/Scott/Code/aircheck-server/,root), Config: compile)))
Sending msg to client play-fork-run-f0207990-0d48-4dd2-bbdd-ab0f15f47aec: BackgroundJobStarted(68,BackgroundJobInfo(11,backgroundRun,AttributeKey[sbt.BackgroundJobHandle]("backgroundRun") in Scope(Build: file:/Users/Scott/Code/aircheck-server/, , Project: ProjectReference(file:/Users/Scott/Code/aircheck-server/,root), Config: compile)))
Sending msg to client play-fork-run-f0207990-0d48-4dd2-bbdd-ab0f15f47aec: (4,ReceivedResponse())
Got request: KeyLookupRequest(root/playForkConfig)
Reading next message from client.
Sending msg to client play-fork-run-f0207990-0d48-4dd2-bbdd-ab0f15f47aec: (5,KeyLookupResponse(root/playForkConfig,Vector(AttributeKey[play.forkrun.protocol.ForkConfig]("playForkConfig") in Scope(Build: file:/Users/Scott/Code/aircheck-server/, , Project: ProjectReference(file:/Users/Scott/Code/aircheck-server/,root)))))
Got request: ListenToValue(AttributeKey[play.forkrun.protocol.ForkConfig]("playForkConfig") in Scope(Build: file:/Users/Scott/Code/aircheck-server/, , Project: ProjectReference(file:/Users/Scott/Code/aircheck-server/,root)))
Reading next message from client.
Sending msg to client play-fork-run-f0207990-0d48-4dd2-bbdd-ab0f15f47aec: (6,ReceivedResponse())
Got request: KeyExecutionRequest(AttributeKey[play.forkrun.protocol.ForkConfig]("playForkConfig") in Scope(Build: file:/Users/Scott/Code/aircheck-server/, , Project: ProjectReference(file:/Users/Scott/Code/aircheck-server/,root)))
Reading next message from client.
Sending msg to client play-fork-run-f0207990-0d48-4dd2-bbdd-ab0f15f47aec: (7,ExecutionRequestReceived(75))
Sending msg to client play-fork-run-f0207990-0d48-4dd2-bbdd-ab0f15f47aec: ExecutionWaiting(75,{file:/Users/Scott/Code/aircheck-server/}root/*:playForkConfig,ClientInfo(f0207990-0d48-4dd2-bbdd-ab0f15f47aec,play-fork-run,Play Fork Run,1,Vector()))
Sending msg to client play-fork-run-f0207990-0d48-4dd2-bbdd-ab0f15f47aec: ExecutionStarting(75)
Sending msg to client play-fork-run-f0207990-0d48-4dd2-bbdd-ab0f15f47aec: DetachedLogEvent(LogMessage(debug,> {file:/Users/Scott/Code/aircheck-server/}root/*:playForkConfig))
Sending msg to client play-fork-run-f0207990-0d48-4dd2-bbdd-ab0f15f47aec: DetachedLogEvent(LogMessage(debug,Evaluating tasks: *:playForkConfig))
Sending msg to client play-fork-run-f0207990-0d48-4dd2-bbdd-ab0f15f47aec: DetachedLogEvent(LogMessage(debug,Running task... Cancel: sbt.server.ServerTaskCancellation@76b9a78c, check cycles: false))
Sending msg to client play-fork-run-f0207990-0d48-4dd2-bbdd-ab0f15f47aec: DetachedLogEvent(LogMessage(debug,cancel strategy start enabled=true lastCommand=Some(LastCommand(CommandExecutionWork(ExecutionId(75),{file:/Users/Scott/Code/aircheck-server/}root/*:playForkConfig,Set(LiveClient(play-fork-run f0207990-0d48-4dd2-bbdd-ab0f15f47aec)),sbt.server.WorkCancellationStatus$$anon$1@2372d447)))))
Sending msg to client play-fork-run-f0207990-0d48-4dd2-bbdd-ab0f15f47aec: TaskStarted(75,6231,Some(AttributeKey[scala.collection.Seq[java.lang.String]]("javaOptions") in Scope(Global)))
Sending msg to client play-fork-run-f0207990-0d48-4dd2-bbdd-ab0f15f47aec: TaskStarted(75,6232,None)
Sending msg to client play-fork-run-f0207990-0d48-4dd2-bbdd-ab0f15f47aec: TaskStarted(75,6233,Some(AttributeKey[scala.Option[java.lang.String]]("mainClass") in Scope(Build: file:/Users/Scott/Code/aircheck-server/, , Project: ProjectReference(file:/Users/Scott/Code/aircheck-server/,root), Config: compile, Task: AttributeKey[void]("run"))))
Sending msg to client play-fork-run-f0207990-0d48-4dd2-bbdd-ab0f15f47aec: TaskStarted(75,6235,None)
Sending msg to client play-fork-run-f0207990-0d48-4dd2-bbdd-ab0f15f47aec: TaskStarted(75,6238,None)
Sending msg to client play-fork-run-f0207990-0d48-4dd2-bbdd-ab0f15f47aec: TaskStarted(75,6242,None)
Sending msg to client play-fork-run-f0207990-0d48-4dd2-bbdd-ab0f15f47aec: TaskStarted(75,6244,None)
Sending msg to client play-fork-run-f0207990-0d48-4dd2-bbdd-ab0f15f47aec: TaskStarted(75,6245,Some(AttributeKey[boolean]("skip") in Scope(Global)))
Sending msg to client play-fork-run-f0207990-0d48-4dd2-bbdd-ab0f15f47aec: TaskStarted(75,6250,Some(AttributeKey[java.lang.String]("updateCacheName") in Scope(Build: file:/Users/Scott/Code/aircheck-server/, , Project: ProjectReference(file:/Users/Scott/Code/aircheck-server/,root))))
Sending msg to client play-fork-run-f0207990-0d48-4dd2-bbdd-ab0f15f47aec: TaskStarted(75,6252,None)
Sending msg to client play-fork-run-f0207990-0d48-4dd2-bbdd-ab0f15f47aec: TaskStarted(75,6258,Some(AttributeKey[scala.collection.Seq[sbt.Credentials]]("credentials") in Scope(Global)))
Sending msg to client play-fork-run-f0207990-0d48-4dd2-bbdd-ab0f15f47aec: TaskStarted(75,6263,Some(AttributeKey[scala.Option[scala.collection.Seq[sbt.Resolver]]]("bootResolvers") in Scope(Build: file:/Users/Scott/Code/aircheck-server/, , Project: ProjectReference(file:/Users/Scott/Code/aircheck-server/,root))))
Sending msg to client play-fork-run-f0207990-0d48-4dd2-bbdd-ab0f15f47aec: TaskStarted(75,6267,Some(AttributeKey[scala.collection.Seq[sbt.Resolver]]("externalResolvers") in Scope(Build: file:/Users/Scott/Code/aircheck-server/, , Project: ProjectReference(file:/Users/Scott/Code/aircheck-server/,root))))
Sending msg to client play-fork-run-f0207990-0d48-4dd2-bbdd-ab0f15f47aec: TaskStarted(75,6269,None)
Sending msg to client play-fork-run-f0207990-0d48-4dd2-bbdd-ab0f15f47aec: TaskStarted(75,6270,None)
Sending msg to client play-fork-run-f0207990-0d48-4dd2-bbdd-ab0f15f47aec: TaskStarted(75,6272,Some(AttributeKey[scala.Tuple2[java.lang.String,java.io.File]]("playPrefixAndAssets") in Scope(Build: file:/Users/Scott/Code/aircheck-server/, , Project: ProjectReference(file:/Users/Scott/Code/aircheck-server/,root))))
Sending msg to client play-fork-run-f0207990-0d48-4dd2-bbdd-ab0f15f47aec: TaskStarted(75,6285,None)
Sending msg to client play-fork-run-f0207990-0d48-4dd2-bbdd-ab0f15f47aec: TaskFinished(75,6231,Some(AttributeKey[scala.collection.Seq[java.lang.String]]("javaOptions") in Scope(Global)),true,None)
Sending msg to client play-fork-run-f0207990-0d48-4dd2-bbdd-ab0f15f47aec: TaskFinished(75,6232,None,true,None)
Sending msg to client play-fork-run-f0207990-0d48-4dd2-bbdd-ab0f15f47aec: TaskStarted(75,6230,Some(AttributeKey[scala.collection.Seq[java.lang.String]]("javaOptions") in Scope(Build: file:/Users/Scott/Code/aircheck-server/, )))
Sending msg to client play-fork-run-f0207990-0d48-4dd2-bbdd-ab0f15f47aec: TaskFinished(75,6233,Some(AttributeKey[scala.Option[java.lang.String]]("mainClass") in Scope(Build: file:/Users/Scott/Code/aircheck-server/, , Project: ProjectReference(file:/Users/Scott/Code/aircheck-server/,root), Config: compile, Task: AttributeKey[void]("run"))),true,None)
Sending msg to client play-fork-run-f0207990-0d48-4dd2-bbdd-ab0f15f47aec: TaskFinished(75,6235,None,true,None)
Sending msg to client play-fork-run-f0207990-0d48-4dd2-bbdd-ab0f15f47aec: TaskFinished(75,6238,None,true,None)
Sending msg to client play-fork-run-f0207990-0d48-4dd2-bbdd-ab0f15f47aec: TaskStarted(75,6237,Some(AttributeKey[sbt.BuildStructure]("buildStructure") in Scope(Global)))
Sending msg to client play-fork-run-f0207990-0d48-4dd2-bbdd-ab0f15f47aec: TaskStarted(75,6246,Some(AttributeKey[java.io.File]("dependencyCacheDirectory") in Scope(Build: file:/Users/Scott/Code/aircheck-server/, , Project: ProjectReference(file:/Users/Scott/Code/aircheck-server/,root))))
Sending msg to client play-fork-run-f0207990-0d48-4dd2-bbdd-ab0f15f47aec: TaskFinished(75,6242,None,true,None)
Sending msg to client play-fork-run-f0207990-0d48-4dd2-bbdd-ab0f15f47aec: TaskStarted(75,6241,None)
Sending msg to client play-fork-run-f0207990-0d48-4dd2-bbdd-ab0f15f47aec: TaskStarted(75,6249,None)
Sending msg to client play-fork-run-f0207990-0d48-4dd2-bbdd-ab0f15f47aec: TaskStarted(75,6259,None)
Sending msg to client play-fork-run-f0207990-0d48-4dd2-bbdd-ab0f15f47aec: TaskStarted(75,6261,None)
Sending msg to client play-fork-run-f0207990-0d48-4dd2-bbdd-ab0f15f47aec: TaskStarted(75,6266,None)
Sending msg to client play-fork-run-f0207990-0d48-4dd2-bbdd-ab0f15f47aec: TaskStarted(75,6277,None)
Sending msg to client play-fork-run-f0207990-0d48-4dd2-bbdd-ab0f15f47aec: TaskStarted(75,6280,None)
Sending msg to client play-fork-run-f0207990-0d48-4dd2-bbdd-ab0f15f47aec: TaskStarted(75,6286,None)
Sending msg to client play-fork-run-f0207990-0d48-4dd2-bbdd-ab0f15f47aec: TaskFinished(75,6244,None,true,None)
Sending msg to client play-fork-run-f0207990-0d48-4dd2-bbdd-ab0f15f47aec: TaskFinished(75,6245,Some(AttributeKey[boolean]("skip") in Scope(Global)),true,None)
Sending msg to client play-fork-run-f0207990-0d48-4dd2-bbdd-ab0f15f47aec: TaskFinished(75,6263,Some(AttributeKey[scala.Option[scala.collection.Seq[sbt.Resolver]]]("bootResolvers") in Scope(Build: file:/Users/Scott/Code/aircheck-server/, , Project: ProjectReference(file:/Users/Scott/Code/aircheck-server/,root))),true,None)
Sending msg to client play-fork-run-f0207990-0d48-4dd2-bbdd-ab0f15f47aec: TaskFinished(75,6267,Some(AttributeKey[scala.collection.Seq[sbt.Resolver]]("externalResolvers") in Scope(Build: file:/Users/Scott/Code/aircheck-server/, , Project: ProjectReference(file:/Users/Scott/Code/aircheck-server/,root))),true,None)
Sending msg to client play-fork-run-f0207990-0d48-4dd2-bbdd-ab0f15f47aec: TaskFinished(75,6252,None,true,None)
Sending msg to client play-fork-run-f0207990-0d48-4dd2-bbdd-ab0f15f47aec: TaskFinished(75,6269,None,true,None)
Sending msg to client play-fork-run-f0207990-0d48-4dd2-bbdd-ab0f15f47aec: TaskFinished(75,6270,None,true,None)
Sending msg to client play-fork-run-f0207990-0d48-4dd2-bbdd-ab0f15f47aec: TaskStarted(75,6268,Some(AttributeKey[scala.collection.Seq[sbt.UpdateReport]]("transitiveUpdate") in Scope(Build: file:/Users/Scott/Code/aircheck-server/, , Project: ProjectReference(file:/Users/Scott/Code/aircheck-server/,root))))
Sending msg to client play-fork-run-f0207990-0d48-4dd2-bbdd-ab0f15f47aec: TaskFinished(75,6250,Some(AttributeKey[java.lang.String]("updateCacheName") in Scope(Build: file:/Users/Scott/Code/aircheck-server/, , Project: ProjectReference(file:/Users/Scott/Code/aircheck-server/,root))),true,None)
Sending msg to client play-fork-run-f0207990-0d48-4dd2-bbdd-ab0f15f47aec: TaskFinished(75,6272,Some(AttributeKey[scala.Tuple2[java.lang.String,java.io.File]]("playPrefixAndAssets") in Scope(Build: file:/Users/Scott/Code/aircheck-server/, , Project: ProjectReference(file:/Users/Scott/Code/aircheck-server/,root))),true,None)
Sending msg to client play-fork-run-f0207990-0d48-4dd2-bbdd-ab0f15f47aec: TaskStarted(75,6271,Some(AttributeKey[scala.collection.Seq[scala.Tuple2[java.lang.String,java.io.File]]]("playAllAssets") in Scope(Build: file:/Users/Scott/Code/aircheck-server/, , Project: ProjectReference(file:/Users/Scott/Code/aircheck-server/,root))))
Sending msg to client play-fork-run-f0207990-0d48-4dd2-bbdd-ab0f15f47aec: TaskFinished(75,6285,None,true,None)
Sending msg to client play-fork-run-f0207990-0d48-4dd2-bbdd-ab0f15f47aec: TaskFinished(75,6258,Some(AttributeKey[scala.collection.Seq[sbt.Credentials]]("credentials") in Scope(Global)),true,None)
Sending msg to client play-fork-run-f0207990-0d48-4dd2-bbdd-ab0f15f47aec: TaskFinished(75,6230,Some(AttributeKey[scala.collection.Seq[java.lang.String]]("javaOptions") in Scope(Build: file:/Users/Scott/Code/aircheck-server/, )),true,None)
Sending msg to client play-fork-run-f0207990-0d48-4dd2-bbdd-ab0f15f47aec: TaskFinished(75,6237,Some(AttributeKey[sbt.BuildStructure]("buildStructure") in Scope(Global)),true,None)
Sending msg to client play-fork-run-f0207990-0d48-4dd2-bbdd-ab0f15f47aec: TaskStarted(75,6236,Some(AttributeKey[sbt.Settings[sbt.Scope]]("settingsData") in Scope(Global)))
Sending msg to client play-fork-run-f0207990-0d48-4dd2-bbdd-ab0f15f47aec: TaskFinished(75,6241,None,true,None)
Sending msg to client play-fork-run-f0207990-0d48-4dd2-bbdd-ab0f15f47aec: TaskFinished(75,6246,Some(AttributeKey[java.io.File]("dependencyCacheDirectory") in Scope(Build: file:/Users/Scott/Code/aircheck-server/, , Project: ProjectReference(file:/Users/Scott/Code/aircheck-server/,root))),true,None)
Sending msg to client play-fork-run-f0207990-0d48-4dd2-bbdd-ab0f15f47aec: TaskFinished(75,6249,None,true,None)
Sending msg to client play-fork-run-f0207990-0d48-4dd2-bbdd-ab0f15f47aec: TaskStarted(75,6248,Some(AttributeKey[scala.collection.immutable.Map[sbt.ModuleID,sbt.SourcePosition]]("dependencyPositions") in Scope(Build: file:/Users/Scott/Code/aircheck-server/, , Project: ProjectReference(file:/Users/Scott/Code/aircheck-server/,root))))
Sending msg to client play-fork-run-f0207990-0d48-4dd2-bbdd-ab0f15f47aec: TaskFinished(75,6266,None,true,None)
Sending msg to client play-fork-run-f0207990-0d48-4dd2-bbdd-ab0f15f47aec: TaskFinished(75,6259,None,true,None)
Sending msg to client play-fork-run-f0207990-0d48-4dd2-bbdd-ab0f15f47aec: TaskFinished(75,6277,None,true,None)
Sending msg to client play-fork-run-f0207990-0d48-4dd2-bbdd-ab0f15f47aec: TaskFinished(75,6280,None,true,None)
Sending msg to client play-fork-run-f0207990-0d48-4dd2-bbdd-ab0f15f47aec: TaskFinished(75,6261,None,true,None)
Sending msg to client play-fork-run-f0207990-0d48-4dd2-bbdd-ab0f15f47aec: TaskFinished(75,6286,None,true,None)
Sending msg to client play-fork-run-f0207990-0d48-4dd2-bbdd-ab0f15f47aec: TaskFinished(75,6268,Some(AttributeKey[scala.collection.Seq[sbt.UpdateReport]]("transitiveUpdate") in Scope(Build: file:/Users/Scott/Code/aircheck-server/, , Project: ProjectReference(file:/Users/Scott/Code/aircheck-server/,root))),true,None)
Sending msg to client play-fork-run-f0207990-0d48-4dd2-bbdd-ab0f15f47aec: TaskFinished(75,6271,Some(AttributeKey[scala.collection.Seq[scala.Tuple2[java.lang.String,java.io.File]]]("playAllAssets") in Scope(Build: file:/Users/Scott/Code/aircheck-server/, , Project: ProjectReference(file:/Users/Scott/Code/aircheck-server/,root))),true,None)
Sending msg to client play-fork-run-f0207990-0d48-4dd2-bbdd-ab0f15f47aec: TaskFinished(75,6236,Some(AttributeKey[sbt.Settings[sbt.Scope]]("settingsData") in Scope(Global)),true,None)
Sending msg to client play-fork-run-f0207990-0d48-4dd2-bbdd-ab0f15f47aec: TaskStarted(75,6234,Some(AttributeKey[scala.collection.Seq[java.io.File]]("playMonitoredFiles") in Scope(Build: file:/Users/Scott/Code/aircheck-server/, , Project: ProjectReference(file:/Users/Scott/Code/aircheck-server/,root))))
Sending msg to client play-fork-run-f0207990-0d48-4dd2-bbdd-ab0f15f47aec: TaskStarted(75,6251,None)
Sending msg to client play-fork-run-f0207990-0d48-4dd2-bbdd-ab0f15f47aec: TaskStarted(75,6256,Some(AttributeKey[scala.collection.Seq[sbt.ModuleID]]("projectDependencies") in Scope(Build: file:/Users/Scott/Code/aircheck-server/, , Project: ProjectReference(file:/Users/Scott/Code/aircheck-server/,root))))
Sending msg to client play-fork-run-f0207990-0d48-4dd2-bbdd-ab0f15f47aec: TaskStarted(75,6265,Some(AttributeKey[scala.collection.immutable.Map[org.apache.ivy.core.module.id.ModuleRevisionId,org.apache.ivy.core.module.descriptor.ModuleDescriptor]]("projectDescriptors") in Scope(Build: file:/Users/Scott/Code/aircheck-server/, , Project: ProjectReference(file:/Users/Scott/Code/aircheck-server/,root))))
Sending msg to client play-fork-run-f0207990-0d48-4dd2-bbdd-ab0f15f47aec: TaskStarted(75,6278,None)
Sending msg to client play-fork-run-f0207990-0d48-4dd2-bbdd-ab0f15f47aec: TaskFinished(75,6248,Some(AttributeKey[scala.collection.immutable.Map[sbt.ModuleID,sbt.SourcePosition]]("dependencyPositions") in Scope(Build: file:/Users/Scott/Code/aircheck-server/, , Project: ProjectReference(file:/Users/Scott/Code/aircheck-server/,root))),true,None)
Sending msg to client play-fork-run-f0207990-0d48-4dd2-bbdd-ab0f15f47aec: TaskStarted(75,6247,Some(AttributeKey[sbt.UnresolvedWarningConfiguration]("unresolvedWarningConfiguration") in Scope(Build: file:/Users/Scott/Code/aircheck-server/, , Project: ProjectReference(file:/Users/Scott/Code/aircheck-server/,root), Task: AttributeKey[sbt.UpdateReport]("update"))))
Sending msg to client play-fork-run-f0207990-0d48-4dd2-bbdd-ab0f15f47aec: TaskStarted(75,6287,None)
Sending msg to client play-fork-run-f0207990-0d48-4dd2-bbdd-ab0f15f47aec: TaskFinished(75,6256,Some(AttributeKey[scala.collection.Seq[sbt.ModuleID]]("projectDependencies") in Scope(Build: file:/Users/Scott/Code/aircheck-server/, , Project: ProjectReference(file:/Users/Scott/Code/aircheck-server/,root))),true,None)
Sending msg to client play-fork-run-f0207990-0d48-4dd2-bbdd-ab0f15f47aec: TaskStarted(75,6255,Some(AttributeKey[scala.collection.Seq[sbt.ModuleID]]("allDependencies") in Scope(Build: file:/Users/Scott/Code/aircheck-server/, , Project: ProjectReference(file:/Users/Scott/Code/aircheck-server/,root))))
Sending msg to client play-fork-run-f0207990-0d48-4dd2-bbdd-ab0f15f47aec: TaskStarted(75,6289,None)
Sending msg to client play-fork-run-f0207990-0d48-4dd2-bbdd-ab0f15f47aec: TaskStarted(75,6290,None)
Sending msg to client play-fork-run-f0207990-0d48-4dd2-bbdd-ab0f15f47aec: TaskStarted(75,6294,None)
Sending msg to client play-fork-run-f0207990-0d48-4dd2-bbdd-ab0f15f47aec: TaskStarted(75,6295,None)
Sending msg to client play-fork-run-f0207990-0d48-4dd2-bbdd-ab0f15f47aec: TaskStarted(75,6298,None)
Sending msg to client play-fork-run-f0207990-0d48-4dd2-bbdd-ab0f15f47aec: TaskStarted(75,6299,None)
Sending msg to client play-fork-run-f0207990-0d48-4dd2-bbdd-ab0f15f47aec: TaskStarted(75,6301,None)
Sending msg to client play-fork-run-f0207990-0d48-4dd2-bbdd-ab0f15f47aec: TaskFinished(75,6247,Some(AttributeKey[sbt.UnresolvedWarningConfiguration]("unresolvedWarningConfiguration") in Scope(Build: file:/Users/Scott/Code/aircheck-server/, , Project: ProjectReference(file:/Users/Scott/Code/aircheck-server/,root), Task: AttributeKey[sbt.UpdateReport]("update"))),true,None)
Sending msg to client play-fork-run-f0207990-0d48-4dd2-bbdd-ab0f15f47aec: TaskFinished(75,6287,None,true,None)
Sending msg to client play-fork-run-f0207990-0d48-4dd2-bbdd-ab0f15f47aec: TaskFinished(75,6251,None,true,None)
Sending msg to client play-fork-run-f0207990-0d48-4dd2-bbdd-ab0f15f47aec: TaskFinished(75,6255,Some(AttributeKey[scala.collection.Seq[sbt.ModuleID]]("allDependencies") in Scope(Build: file:/Users/Scott/Code/aircheck-server/, , Project: ProjectReference(file:/Users/Scott/Code/aircheck-server/,root))),true,None)
Sending msg to client play-fork-run-f0207990-0d48-4dd2-bbdd-ab0f15f47aec: TaskStarted(75,6254,Some(AttributeKey[sbt.ModuleSettings]("moduleSettings") in Scope(Build: file:/Users/Scott/Code/aircheck-server/, , Project: ProjectReference(file:/Users/Scott/Code/aircheck-server/,root))))
Sending msg to client play-fork-run-f0207990-0d48-4dd2-bbdd-ab0f15f47aec: TaskFinished(75,6289,None,true,None)
Sending msg to client play-fork-run-f0207990-0d48-4dd2-bbdd-ab0f15f47aec: TaskStarted(75,6288,None)
Sending msg to client play-fork-run-f0207990-0d48-4dd2-bbdd-ab0f15f47aec: TaskFinished(75,6290,None,true,None)
Sending msg to client play-fork-run-f0207990-0d48-4dd2-bbdd-ab0f15f47aec: TaskFinished(75,6234,Some(AttributeKey[scala.collection.Seq[java.io.File]]("playMonitoredFiles") in Scope(Build: file:/Users/Scott/Code/aircheck-server/, , Project: ProjectReference(file:/Users/Scott/Code/aircheck-server/,root))),true,None)
Sending msg to client play-fork-run-f0207990-0d48-4dd2-bbdd-ab0f15f47aec: TaskFinished(75,6294,None,true,None)
Sending msg to client play-fork-run-f0207990-0d48-4dd2-bbdd-ab0f15f47aec: TaskFinished(75,6295,None,true,None)
Sending msg to client play-fork-run-f0207990-0d48-4dd2-bbdd-ab0f15f47aec: TaskStarted(75,6293,Some(AttributeKey[scala.collection.Seq[sbt.Attributed[java.io.File]]]("unmanagedJars") in Scope(Build: file:/Users/Scott/Code/aircheck-server/, , Project: ProjectReference(file:/Users/Scott/Code/aircheck-server/,root), Config: runtime)))
Sending msg to client play-fork-run-f0207990-0d48-4dd2-bbdd-ab0f15f47aec: TaskFinished(75,6298,None,true,None)
Sending msg to client play-fork-run-f0207990-0d48-4dd2-bbdd-ab0f15f47aec: TaskFinished(75,6301,None,true,None)
Sending msg to client play-fork-run-f0207990-0d48-4dd2-bbdd-ab0f15f47aec: TaskStarted(75,6300,None)
Sending msg to client play-fork-run-f0207990-0d48-4dd2-bbdd-ab0f15f47aec: TaskFinished(75,6299,None,true,None)
Sending msg to client play-fork-run-f0207990-0d48-4dd2-bbdd-ab0f15f47aec: TaskStarted(75,6297,Some(AttributeKey[scala.collection.Seq[sbt.Attributed[java.io.File]]]("unmanagedJars") in Scope(Build: file:/Users/Scott/Code/aircheck-server/, , Project: ProjectReference(file:/Users/Scott/Code/aircheck-server/,root), Config: compile)))
Sending msg to client play-fork-run-f0207990-0d48-4dd2-bbdd-ab0f15f47aec: TaskFinished(75,6254,Some(AttributeKey[sbt.ModuleSettings]("moduleSettings") in Scope(Build: file:/Users/Scott/Code/aircheck-server/, , Project: ProjectReference(file:/Users/Scott/Code/aircheck-server/,root))),true,None)
Sending msg to client play-fork-run-f0207990-0d48-4dd2-bbdd-ab0f15f47aec: TaskFinished(75,6288,None,true,None)
Sending msg to client play-fork-run-f0207990-0d48-4dd2-bbdd-ab0f15f47aec: TaskFinished(75,6265,Some(AttributeKey[scala.collection.immutable.Map[org.apache.ivy.core.module.id.ModuleRevisionId,org.apache.ivy.core.module.descriptor.ModuleDescriptor]]("projectDescriptors") in Scope(Build: file:/Users/Scott/Code/aircheck-server/, , Project: ProjectReference(file:/Users/Scott/Code/aircheck-server/,root))),true,None)
Sending msg to client play-fork-run-f0207990-0d48-4dd2-bbdd-ab0f15f47aec: TaskStarted(75,6264,Some(AttributeKey[sbt.Resolver]("projectResolver") in Scope(Build: file:/Users/Scott/Code/aircheck-server/, , Project: ProjectReference(file:/Users/Scott/Code/aircheck-server/,root))))
Sending msg to client play-fork-run-f0207990-0d48-4dd2-bbdd-ab0f15f47aec: TaskFinished(75,6293,Some(AttributeKey[scala.collection.Seq[sbt.Attributed[java.io.File]]]("unmanagedJars") in Scope(Build: file:/Users/Scott/Code/aircheck-server/, , Project: ProjectReference(file:/Users/Scott/Code/aircheck-server/,root), Config: runtime)),true,None)
Sending msg to client play-fork-run-f0207990-0d48-4dd2-bbdd-ab0f15f47aec: TaskStarted(75,6302,None)
Sending msg to client play-fork-run-f0207990-0d48-4dd2-bbdd-ab0f15f47aec: TaskFinished(75,6297,Some(AttributeKey[scala.collection.Seq[sbt.Attributed[java.io.File]]]("unmanagedJars") in Scope(Build: file:/Users/Scott/Code/aircheck-server/, , Project: ProjectReference(file:/Users/Scott/Code/aircheck-server/,root), Config: compile)),true,None)
Sending msg to client play-fork-run-f0207990-0d48-4dd2-bbdd-ab0f15f47aec: TaskFinished(75,6264,Some(AttributeKey[sbt.Resolver]("projectResolver") in Scope(Build: file:/Users/Scott/Code/aircheck-server/, , Project: ProjectReference(file:/Users/Scott/Code/aircheck-server/,root))),true,None)
Sending msg to client play-fork-run-f0207990-0d48-4dd2-bbdd-ab0f15f47aec: TaskStarted(75,6262,Some(AttributeKey[scala.collection.Seq[sbt.Resolver]]("fullResolvers") in Scope(Build: file:/Users/Scott/Code/aircheck-server/, , Project: ProjectReference(file:/Users/Scott/Code/aircheck-server/,root))))
Sending msg to client play-fork-run-f0207990-0d48-4dd2-bbdd-ab0f15f47aec: TaskFinished(75,6302,None,true,None)
Sending msg to client play-fork-run-f0207990-0d48-4dd2-bbdd-ab0f15f47aec: TaskFinished(75,6300,None,true,None)
Sending msg to client play-fork-run-f0207990-0d48-4dd2-bbdd-ab0f15f47aec: TaskStarted(75,6296,Some(AttributeKey[scala.collection.Seq[sbt.Attributed[java.io.File]]]("unmanagedJars") in Scope(Build: file:/Users/Scott/Code/aircheck-server/, , Project: ProjectReference(file:/Users/Scott/Code/aircheck-server/,root), Config: compile)))
Sending msg to client play-fork-run-f0207990-0d48-4dd2-bbdd-ab0f15f47aec: TaskFinished(75,6262,Some(AttributeKey[scala.collection.Seq[sbt.Resolver]]("fullResolvers") in Scope(Build: file:/Users/Scott/Code/aircheck-server/, , Project: ProjectReference(file:/Users/Scott/Code/aircheck-server/,root))),true,None)
Sending msg to client play-fork-run-f0207990-0d48-4dd2-bbdd-ab0f15f47aec: TaskStarted(75,6260,Some(AttributeKey[sbt.IvyConfiguration]("ivyConfiguration") in Scope(Build: file:/Users/Scott/Code/aircheck-server/, , Project: ProjectReference(file:/Users/Scott/Code/aircheck-server/,root))))
Sending msg to client play-fork-run-f0207990-0d48-4dd2-bbdd-ab0f15f47aec: TaskFinished(75,6296,Some(AttributeKey[scala.collection.Seq[sbt.Attributed[java.io.File]]]("unmanagedJars") in Scope(Build: file:/Users/Scott/Code/aircheck-server/, , Project: ProjectReference(file:/Users/Scott/Code/aircheck-server/,root), Config: compile)),true,None)
Sending msg to client play-fork-run-f0207990-0d48-4dd2-bbdd-ab0f15f47aec: TaskStarted(75,6292,None)
Sending msg to client play-fork-run-f0207990-0d48-4dd2-bbdd-ab0f15f47aec: TaskFinished(75,6292,None,true,None)
Sending msg to client play-fork-run-f0207990-0d48-4dd2-bbdd-ab0f15f47aec: TaskStarted(75,6291,None)
Sending msg to client play-fork-run-f0207990-0d48-4dd2-bbdd-ab0f15f47aec: TaskFinished(75,6260,Some(AttributeKey[sbt.IvyConfiguration]("ivyConfiguration") in Scope(Build: file:/Users/Scott/Code/aircheck-server/, , Project: ProjectReference(file:/Users/Scott/Code/aircheck-server/,root))),true,None)
Sending msg to client play-fork-run-f0207990-0d48-4dd2-bbdd-ab0f15f47aec: TaskStarted(75,6257,Some(AttributeKey[sbt.IvySbt]("ivySbt") in Scope(Build: file:/Users/Scott/Code/aircheck-server/, , Project: ProjectReference(file:/Users/Scott/Code/aircheck-server/,root))))
Sending msg to client play-fork-run-f0207990-0d48-4dd2-bbdd-ab0f15f47aec: TaskFinished(75,6291,None,true,None)
Sending msg to client play-fork-run-f0207990-0d48-4dd2-bbdd-ab0f15f47aec: TaskFinished(75,6278,None,true,None)
Sending msg to client play-fork-run-f0207990-0d48-4dd2-bbdd-ab0f15f47aec: TaskStarted(75,6276,Some(AttributeKey[scala.collection.Seq[sbt.Attributed[java.io.File]]]("unmanagedClasspath") in Scope(Build: file:/Users/Scott/Code/aircheck-server/, , Project: ProjectReference(file:/Users/Scott/Code/aircheck-server/,root), Config: runtime)))
Sending msg to client play-fork-run-f0207990-0d48-4dd2-bbdd-ab0f15f47aec: TaskFinished(75,6257,Some(AttributeKey[sbt.IvySbt]("ivySbt") in Scope(Build: file:/Users/Scott/Code/aircheck-server/, , Project: ProjectReference(file:/Users/Scott/Code/aircheck-server/,root))),true,None)
Sending msg to client play-fork-run-f0207990-0d48-4dd2-bbdd-ab0f15f47aec: TaskStarted(75,6253,Some(AttributeKey[sbt.IvySbt$Module]("ivyModule") in Scope(Build: file:/Users/Scott/Code/aircheck-server/, , Project: ProjectReference(file:/Users/Scott/Code/aircheck-server/,root))))
Sending msg to client play-fork-run-f0207990-0d48-4dd2-bbdd-ab0f15f47aec: TaskFinished(75,6276,Some(AttributeKey[scala.collection.Seq[sbt.Attributed[java.io.File]]]("unmanagedClasspath") in Scope(Build: file:/Users/Scott/Code/aircheck-server/, , Project: ProjectReference(file:/Users/Scott/Code/aircheck-server/,root), Config: runtime)),true,None)
Sending msg to client play-fork-run-f0207990-0d48-4dd2-bbdd-ab0f15f47aec: TaskFinished(75,6253,Some(AttributeKey[sbt.IvySbt$Module]("ivyModule") in Scope(Build: file:/Users/Scott/Code/aircheck-server/, , Project: ProjectReference(file:/Users/Scott/Code/aircheck-server/,root))),true,None)
Sending msg to client play-fork-run-f0207990-0d48-4dd2-bbdd-ab0f15f47aec: TaskStarted(75,6243,Some(AttributeKey[sbt.UpdateReport]("update") in Scope(Build: file:/Users/Scott/Code/aircheck-server/, , Project: ProjectReference(file:/Users/Scott/Code/aircheck-server/,root))))
Sending msg to client play-fork-run-f0207990-0d48-4dd2-bbdd-ab0f15f47aec: TaskFinished(75,6243,Some(AttributeKey[sbt.UpdateReport]("update") in Scope(Build: file:/Users/Scott/Code/aircheck-server/, , Project: ProjectReference(file:/Users/Scott/Code/aircheck-server/,root))),true,None)
Sending msg to client play-fork-run-f0207990-0d48-4dd2-bbdd-ab0f15f47aec: TaskStarted(75,6240,Some(AttributeKey[sbt.UpdateReport]("update") in Scope(Build: file:/Users/Scott/Code/aircheck-server/, , Project: ProjectReference(file:/Users/Scott/Code/aircheck-server/,root))))
Sending msg to client play-fork-run-f0207990-0d48-4dd2-bbdd-ab0f15f47aec: TaskFinished(75,6240,Some(AttributeKey[sbt.UpdateReport]("update") in Scope(Build: file:/Users/Scott/Code/aircheck-server/, , Project: ProjectReference(file:/Users/Scott/Code/aircheck-server/,root))),true,None)
Sending msg to client play-fork-run-f0207990-0d48-4dd2-bbdd-ab0f15f47aec: TaskStarted(75,6239,Some(AttributeKey[scala.collection.Seq[sbt.Attributed[java.io.File]]]("managedClasspath") in Scope(Build: file:/Users/Scott/Code/aircheck-server/, , Project: ProjectReference(file:/Users/Scott/Code/aircheck-server/,root), Config: docs)))
Sending msg to client play-fork-run-f0207990-0d48-4dd2-bbdd-ab0f15f47aec: TaskStarted(75,6284,Some(AttributeKey[sbt.Configuration]("classpathConfiguration") in Scope(Build: file:/Users/Scott/Code/aircheck-server/, , Project: ProjectReference(file:/Users/Scott/Code/aircheck-server/,root), Config: compile)))
Sending msg to client play-fork-run-f0207990-0d48-4dd2-bbdd-ab0f15f47aec: TaskFinished(75,6284,Some(AttributeKey[sbt.Configuration]("classpathConfiguration") in Scope(Build: file:/Users/Scott/Code/aircheck-server/, , Project: ProjectReference(file:/Users/Scott/Code/aircheck-server/,root), Config: compile)),true,None)
Sending msg to client play-fork-run-f0207990-0d48-4dd2-bbdd-ab0f15f47aec: TaskStarted(75,6283,None)
Sending msg to client play-fork-run-f0207990-0d48-4dd2-bbdd-ab0f15f47aec: TaskFinished(75,6283,None,true,None)
Sending msg to client play-fork-run-f0207990-0d48-4dd2-bbdd-ab0f15f47aec: TaskStarted(75,6282,Some(AttributeKey[sbt.Configuration]("classpathConfiguration") in Scope(Build: file:/Users/Scott/Code/aircheck-server/, , Project: ProjectReference(file:/Users/Scott/Code/aircheck-server/,root), Config: runtime)))
Sending msg to client play-fork-run-f0207990-0d48-4dd2-bbdd-ab0f15f47aec: TaskFinished(75,6282,Some(AttributeKey[sbt.Configuration]("classpathConfiguration") in Scope(Build: file:/Users/Scott/Code/aircheck-server/, , Project: ProjectReference(file:/Users/Scott/Code/aircheck-server/,root), Config: runtime)),true,None)
Sending msg to client play-fork-run-f0207990-0d48-4dd2-bbdd-ab0f15f47aec: TaskStarted(75,6281,None)
Sending msg to client play-fork-run-f0207990-0d48-4dd2-bbdd-ab0f15f47aec: TaskFinished(75,6281,None,true,None)
Sending msg to client play-fork-run-f0207990-0d48-4dd2-bbdd-ab0f15f47aec: TaskStarted(75,6279,Some(AttributeKey[scala.collection.Seq[sbt.Attributed[java.io.File]]]("managedClasspath") in Scope(Build: file:/Users/Scott/Code/aircheck-server/, , Project: ProjectReference(file:/Users/Scott/Code/aircheck-server/,root), Config: runtime)))
Sending msg to client play-fork-run-f0207990-0d48-4dd2-bbdd-ab0f15f47aec: TaskFinished(75,6279,Some(AttributeKey[scala.collection.Seq[sbt.Attributed[java.io.File]]]("managedClasspath") in Scope(Build: file:/Users/Scott/Code/aircheck-server/, , Project: ProjectReference(file:/Users/Scott/Code/aircheck-server/,root), Config: runtime)),true,None)
Sending msg to client play-fork-run-f0207990-0d48-4dd2-bbdd-ab0f15f47aec: TaskStarted(75,6275,None)
Sending msg to client play-fork-run-f0207990-0d48-4dd2-bbdd-ab0f15f47aec: TaskFinished(75,6275,None,true,None)
Sending msg to client play-fork-run-f0207990-0d48-4dd2-bbdd-ab0f15f47aec: TaskStarted(75,6274,Some(AttributeKey[scala.collection.Seq[sbt.Attributed[java.io.File]]]("playDependencyClasspath") in Scope(Build: file:/Users/Scott/Code/aircheck-server/, , Project: ProjectReference(file:/Users/Scott/Code/aircheck-server/,root))))
Sending msg to client play-fork-run-f0207990-0d48-4dd2-bbdd-ab0f15f47aec: TaskFinished(75,6239,Some(AttributeKey[scala.collection.Seq[sbt.Attributed[java.io.File]]]("managedClasspath") in Scope(Build: file:/Users/Scott/Code/aircheck-server/, , Project: ProjectReference(file:/Users/Scott/Code/aircheck-server/,root), Config: docs)),true,None)
Sending msg to client play-fork-run-f0207990-0d48-4dd2-bbdd-ab0f15f47aec: TaskStarted(75,6273,Some(AttributeKey[scala.Option[java.io.File]]("playDocsJar") in Scope(Build: file:/Users/Scott/Code/aircheck-server/, , Project: ProjectReference(file:/Users/Scott/Code/aircheck-server/,root))))
Sending msg to client play-fork-run-f0207990-0d48-4dd2-bbdd-ab0f15f47aec: TaskFinished(75,6273,Some(AttributeKey[scala.Option[java.io.File]]("playDocsJar") in Scope(Build: file:/Users/Scott/Code/aircheck-server/, , Project: ProjectReference(file:/Users/Scott/Code/aircheck-server/,root))),true,None)
Sending msg to client play-fork-run-f0207990-0d48-4dd2-bbdd-ab0f15f47aec: TaskFinished(75,6274,Some(AttributeKey[scala.collection.Seq[sbt.Attributed[java.io.File]]]("playDependencyClasspath") in Scope(Build: file:/Users/Scott/Code/aircheck-server/, , Project: ProjectReference(file:/Users/Scott/Code/aircheck-server/,root))),true,None)
Sending msg to client play-fork-run-f0207990-0d48-4dd2-bbdd-ab0f15f47aec: TaskStarted(75,6229,Some(AttributeKey[play.forkrun.protocol.ForkConfig]("playForkConfig") in Scope(Build: file:/Users/Scott/Code/aircheck-server/, , Project: ProjectReference(file:/Users/Scott/Code/aircheck-server/,root))))
Sending msg to client play-fork-run-f0207990-0d48-4dd2-bbdd-ab0f15f47aec: TaskFinished(75,6229,Some(AttributeKey[play.forkrun.protocol.ForkConfig]("playForkConfig") in Scope(Build: file:/Users/Scott/Code/aircheck-server/, , Project: ProjectReference(file:/Users/Scott/Code/aircheck-server/,root))),true,None)
Sending msg to client play-fork-run-f0207990-0d48-4dd2-bbdd-ab0f15f47aec: ValueChanged(AttributeKey[play.forkrun.protocol.ForkConfig]("playForkConfig") in Scope(Build: file:/Users/Scott/Code/aircheck-server/, , Project: ProjectReference(file:/Users/Scott/Code/aircheck-server/,root)),TaskSuccess(BuildValue(LazyValue(ForkConfig(/Users/Scott/Code/aircheck-server,List(-Djna.nosys=true),List(/Users/Scott/.ivy2/cache/org.scala-lang/scala-library/jars/scala-library-2.11.7.jar, /Users/Scott/.ivy2/cache/com.typesafe.play/twirl-api_2.11/jars/twirl-api_2.11-1.1.1.jar, /Users/Scott/.ivy2/cache/org.apache.commons/commons-lang3/jars/commons-lang3-3.4.jar, /Users/Scott/.ivy2/cache/org.scala-lang.modules/scala-xml_2.11/bundles/scala-xml_2.11-1.0.1.jar, /Users/Scott/.ivy2/cache/com.typesafe.play/play-server_2.11/jars/play-server_2.11-2.5.4.jar, /Users/Scott/.ivy2/cache/com.typesafe.play/play_2.11/jars/play_2.11-2.5.4.jar, /Users/Scott/.ivy2/cache/com.typesafe.play/build-link/jars/build-link-2.5.4.jar, /Users/Scott/.ivy2/cache/com.typesafe.play/play-exceptions/jars/play-exceptions-2.5.4.jar, /Users/Scott/.ivy2/cache/com.typesafe.play/play-iteratees_2.11/jars/play-iteratees_2.11-2.5.4.jar, /Users/Scott/.ivy2/cache/org.scala-stm/scala-stm_2.11/jars/scala-stm_2.11-0.7.jar, /Users/Scott/.ivy2/cache/com.typesafe/config/bundles/config-1.3.0.jar, /Users/Scott/.ivy2/cache/ch.qos.logback/logback-classic/jars/logback-classic-1.1.7.jar, /Users/Scott/.ivy2/cache/ch.qos.logback/logback-core/jars/logback-core-1.1.7.jar, /Users/Scott/.ivy2/cache/com.typesafe.play/play-json_2.11/jars/play-json_2.11-2.5.4.jar, /Users/Scott/.ivy2/cache/com.typesafe.play/play-functional_2.11/jars/play-functional_2.11-2.5.4.jar, /Users/Scott/.ivy2/cache/com.typesafe.play/play-datacommons_2.11/jars/play-datacommons_2.11-2.5.4.jar, /Users/Scott/.ivy2/cache/joda-time/joda-time/jars/joda-time-2.9.2.jar, /Users/Scott/.ivy2/cache/org.joda/joda-convert/jars/joda-convert-1.8.1.jar, /Users/Scott/.ivy2/cache/org.scala-lang/scala-reflect/jars/scala-reflect-2.11.7.jar, /Users/Scott/.ivy2/cache/com.fasterxml.jackson.core/jackson-core/bundles/jackson-core-2.7.1.jar, /Users/Scott/.ivy2/cache/com.fasterxml.jackson.core/jackson-annotations/bundles/jackson-annotations-2.7.1.jar, /Users/Scott/.ivy2/cache/com.fasterxml.jackson.core/jackson-databind/bundles/jackson-databind-2.7.1.jar, /Users/Scott/.ivy2/cache/com.fasterxml.jackson.datatype/jackson-datatype-jdk8/bundles/jackson-datatype-jdk8-2.7.1.jar, /Users/Scott/.ivy2/cache/com.fasterxml.jackson.datatype/jackson-datatype-jsr310/bundles/jackson-datatype-jsr310-2.7.1.jar, /Users/Scott/.ivy2/cache/com.typesafe.play/play-netty-utils/jars/play-netty-utils-2.5.4.jar, /Users/Scott/.ivy2/cache/org.slf4j/jul-to-slf4j/jars/jul-to-slf4j-1.7.19.jar, /Users/Scott/.ivy2/cache/org.slf4j/jcl-over-slf4j/jars/jcl-over-slf4j-1.7.19.jar, /Users/Scott/.ivy2/cache/com.typesafe.play/play-streams_2.11/jars/play-streams_2.11-2.5.4.jar, /Users/Scott/.ivy2/cache/org.reactivestreams/reactive-streams/jars/reactive-streams-1.0.0.jar, /Users/Scott/.ivy2/cache/com.typesafe.akka/akka-stream_2.11/jars/akka-stream_2.11-2.4.4.jar, /Users/Scott/.ivy2/cache/com.typesafe.akka/akka-actor_2.11/jars/akka-actor_2.11-2.4.4.jar, /Users/Scott/.ivy2/cache/org.scala-lang.modules/scala-java8-compat_2.11/bundles/scala-java8-compat_2.11-0.7.0.jar, /Users/Scott/.ivy2/cache/com.typesafe/ssl-config-akka_2.11/bundles/ssl-config-akka_2.11-0.2.1.jar, /Users/Scott/.ivy2/cache/com.typesafe/ssl-config-core_2.11/bundles/ssl-config-core_2.11-0.2.1.jar, /Users/Scott/.ivy2/cache/org.scala-lang.modules/scala-parser-combinators_2.11/bundles/scala-parser-combinators_2.11-1.0.4.jar, /Users/Scott/.ivy2/cache/com.typesafe.akka/akka-slf4j_2.11/jars/akka-slf4j_2.11-2.4.4.jar, /Users/Scott/.ivy2/cache/commons-codec/commons-codec/jars/commons-codec-1.10.jar, /Users/Scott/.ivy2/cache/xerces/xercesImpl/jars/xercesImpl-2.11.0.jar, /Users/Scott/.ivy2/cache/xml-apis/xml-apis/jars/xml-apis-1.4.01.jar, /Users/Scott/.ivy2/cache/javax.transaction/jta/jars/jta-1.1.jar, /Users/Scott/.ivy2/cache/com.google.inject/guice/jars/guice-4.0.jar, /Users/Scott/.ivy2/cache/javax.inject/javax.inject/jars/javax.inject-1.jar, /Users/Scott/.ivy2/cache/aopalliance/aopalliance/jars/aopalliance-1.0.jar, /Users/Scott/.ivy2/cache/com.google.inject.extensions/guice-assistedinject/jars/guice-assistedinject-4.0.jar, /Users/Scott/.ivy2/cache/com.typesafe.play/play-netty-server_2.11/jars/play-netty-server_2.11-2.5.4.jar, /Users/Scott/.ivy2/cache/com.typesafe.netty/netty-reactive-streams-http/jars/netty-reactive-streams-http-1.0.6.jar, /Users/Scott/.ivy2/cache/com.typesafe.netty/netty-reactive-streams/jars/netty-reactive-streams-1.0.6.jar, /Users/Scott/.ivy2/cache/io.netty/netty-handler/jars/netty-handler-4.0.36.Final.jar, /Users/Scott/.ivy2/cache/io.netty/netty-buffer/jars/netty-buffer-4.0.36.Final.jar, /Users/Scott/.ivy2/cache/io.netty/netty-common/jars/netty-common-4.0.36.Final.jar, /Users/Scott/.ivy2/cache/io.netty/netty-transport/jars/netty-transport-4.0.36.Final.jar, /Users/Scott/.ivy2/cache/io.netty/netty-codec/jars/netty-codec-4.0.36.Final.jar, /Users/Scott/.ivy2/cache/io.netty/netty-codec-http/jars/netty-codec-http-4.0.36.Final.jar, /Users/Scott/.ivy2/cache/io.netty/netty-transport-native-epoll/jars/netty-transport-native-epoll-4.0.36.Final-linux-x86_64.jar, /Users/Scott/.ivy2/cache/com.typesafe.play/play-logback_2.11/jars/play-logback_2.11-2.5.4.jar, /Users/Scott/.ivy2/cache/com.typesafe.play/play-jdbc_2.11/jars/play-jdbc_2.11-2.5.4.jar, /Users/Scott/.ivy2/cache/com.typesafe.play/play-jdbc-api_2.11/jars/play-jdbc-api_2.11-2.5.4.jar, /Users/Scott/.ivy2/cache/com.jolbox/bonecp/bundles/bonecp-0.8.0.RELEASE.jar, /Users/Scott/.ivy2/cache/com.zaxxer/HikariCP/bundles/HikariCP-2.4.3.jar, /Users/Scott/.ivy2/cache/com.googlecode.usc/jdbcdslog/jars/jdbcdslog-1.0.6.2.jar, /Users/Scott/.ivy2/cache/com.h2database/h2/jars/h2-1.4.191.jar, /Users/Scott/.ivy2/cache/tyrex/tyrex/jars/tyrex-1.0.1.jar, /Users/Scott/.ivy2/cache/com.typesafe.play/play-cache_2.11/jars/play-cache_2.11-2.5.4.jar, /Users/Scott/.ivy2/cache/net.sf.ehcache/ehcache-core/jars/ehcache-core-2.6.11.jar, /Users/Scott/.ivy2/cache/com.typesafe.play/play-ws_2.11/jars/play-ws_2.11-2.5.4.jar, /Users/Scott/.ivy2/cache/com.google.guava/guava/bundles/guava-19.0.jar, /Users/Scott/.ivy2/cache/org.asynchttpclient/async-http-client/jars/async-http-client-2.0.2.jar, /Users/Scott/.ivy2/cache/org.asynchttpclient/netty-resolver-dns/jars/netty-resolver-dns-2.0.2.jar, /Users/Scott/.ivy2/cache/org.asynchttpclient/netty-resolver/jars/netty-resolver-2.0.2.jar, /Users/Scott/.ivy2/cache/org.slf4j/slf4j-api/jars/slf4j-api-1.7.21.jar, /Users/Scott/.ivy2/cache/org.asynchttpclient/netty-codec-dns/jars/netty-codec-dns-2.0.2.jar, /Users/Scott/.ivy2/cache/org.javassist/javassist/bundles/javassist-3.20.0-GA.jar, /Users/Scott/.ivy2/cache/oauth.signpost/signpost-core/jars/signpost-core-1.2.1.2.jar, /Users/Scott/.ivy2/cache/oauth.signpost/signpost-commonshttp4/jars/signpost-commonshttp4-1.2.1.2.jar, /Users/Scott/.ivy2/cache/org.apache.httpcomponents/httpcore/jars/httpcore-4.0.1.jar, /Users/Scott/.ivy2/cache/org.apache.httpcomponents/httpclient/jars/httpclient-4.0.1.jar, /Users/Scott/.ivy2/cache/commons-logging/commons-logging/jars/commons-logging-1.1.1.jar, /Users/Scott/.ivy2/cache/com.typesafe.play/filters-helpers_2.11/jars/filters-helpers_2.11-2.5.4.jar, /Users/Scott/.ivy2/cache/com.typesafe.play/play-java_2.11/jars/play-java_2.11-2.5.4.jar, /Users/Scott/.ivy2/cache/org.yaml/snakeyaml/bundles/snakeyaml-1.16.jar, /Users/Scott/.ivy2/cache/org.hibernate/hibernate-validator/jars/hibernate-validator-5.2.4.Final.jar, /Users/Scott/.ivy2/cache/javax.validation/validation-api/jars/validation-api-1.1.0.Final.jar, /Users/Scott/.ivy2/cache/org.jboss.logging/jboss-logging/jars/jboss-logging-3.2.1.Final.jar, /Users/Scott/.ivy2/cache/com.fasterxml/classmate/bundles/classmate-1.1.0.jar, /Users/Scott/.ivy2/cache/javax.el/javax.el-api/jars/javax.el-api-3.0.0.jar, /Users/Scott/.ivy2/cache/org.springframework/spring-context/jars/spring-context-4.2.4.RELEASE.jar, /Users/Scott/.ivy2/cache/org.springframework/spring-core/jars/spring-core-4.2.4.RELEASE.jar, /Users/Scott/.ivy2/cache/org.springframework/spring-beans/jars/spring-beans-4.2.4.RELEASE.jar, /Users/Scott/.ivy2/cache/org.reflections/reflections/jars/reflections-0.9.10.jar, /Users/Scott/.ivy2/cache/net.jodah/typetools/bundles/typetools-0.4.4.jar, /Users/Scott/.ivy2/cache/com.google.code.findbugs/jsr305/jars/jsr305-3.0.1.jar, /Users/Scott/.ivy2/cache/org.apache.tomcat/tomcat-servlet-api/jars/tomcat-servlet-api-8.0.33.jar, /Users/Scott/.ivy2/cache/mysql/mysql-connector-java/jars/mysql-connector-java-6.0.3.jar),List((public/,/Users/Scott/Code/aircheck-server/target/web/public/main)),List(/Users/Scott/.ivy2/cache/com.typesafe.play/play-omnidoc_2.11/jars/play-omnidoc_2.11-2.5.4.jar, /Users/Scott/.ivy2/cache/org.scala-lang/scala-library/jars/scala-library-2.11.7.jar, /Users/Scott/.ivy2/cache/com.typesafe.play/play-docs_2.11/jars/play-docs_2.11-2.5.4.jar, /Users/Scott/.ivy2/cache/com.typesafe.play/play-netty-server_2.11/jars/play-netty-server_2.11-2.5.4.jar, /Users/Scott/.ivy2/cache/com.typesafe.play/play-server_2.11/jars/play-server_2.11-2.5.4.jar, /Users/Scott/.ivy2/cache/com.typesafe.play/play_2.11/jars/play_2.11-2.5.4.jar, /Users/Scott/.ivy2/cache/com.typesafe.play/build-link/jars/build-link-2.5.4.jar, /Users/Scott/.ivy2/cache/com.typesafe.play/play-exceptions/jars/play-exceptions-2.5.4.jar, /Users/Scott/.ivy2/cache/com.typesafe.play/play-iteratees_2.11/jars/play-iteratees_2.11-2.5.4.jar, /Users/Scott/.ivy2/cache/org.scala-stm/scala-stm_2.11/jars/scala-stm_2.11-0.7.jar, /Users/Scott/.ivy2/cache/com.typesafe/config/bundles/config-1.3.0.jar, /Users/Scott/.ivy2/cache/ch.qos.logback/logback-classic/jars/logback-classic-1.1.7.jar, /Users/Scott/.ivy2/cache/ch.qos.logback/logback-core/jars/logback-core-1.1.7.jar, /Users/Scott/.ivy2/cache/org.slf4j/slf4j-api/jars/slf4j-api-1.7.19.jar, /Users/Scott/.ivy2/cache/com.typesafe.play/play-json_2.11/jars/play-json_2.11-2.5.4.jar, /Users/Scott/.ivy2/cache/com.typesafe.play/play-functional_2.11/jars/play-functional_2.11-2.5.4.jar, /Users/Scott/.ivy2/cache/com.typesafe.play/play-datacommons_2.11/jars/play-datacommons_2.11-2.5.4.jar, /Users/Scott/.ivy2/cache/joda-time/joda-time/jars/joda-time-2.9.2.jar, /Users/Scott/.ivy2/cache/org.joda/joda-convert/jars/joda-convert-1.8.1.jar, /Users/Scott/.ivy2/cache/org.scala-lang/scala-reflect/jars/scala-reflect-2.11.7.jar, /Users/Scott/.ivy2/cache/com.fasterxml.jackson.core/jackson-core/bundles/jackson-core-2.7.1.jar, /Users/Scott/.ivy2/cache/com.fasterxml.jackson.core/jackson-annotations/bundles/jackson-annotations-2.7.1.jar, /Users/Scott/.ivy2/cache/com.fasterxml.jackson.core/jackson-databind/bundles/jackson-databind-2.7.1.jar, /Users/Scott/.ivy2/cache/com.fasterxml.jackson.datatype/jackson-datatype-jdk8/bundles/jackson-datatype-jdk8-2.7.1.jar, /Users/Scott/.ivy2/cache/com.fasterxml.jackson.datatype/jackson-datatype-jsr310/bundles/jackson-datatype-jsr310-2.7.1.jar, /Users/Scott/.ivy2/cache/com.typesafe.play/play-netty-utils/jars/play-netty-utils-2.5.4.jar, /Users/Scott/.ivy2/cache/org.slf4j/jul-to-slf4j/jars/jul-to-slf4j-1.7.19.jar, /Users/Scott/.ivy2/cache/org.slf4j/jcl-over-slf4j/jars/jcl-over-slf4j-1.7.19.jar, /Users/Scott/.ivy2/cache/com.typesafe.play/play-streams_2.11/jars/play-streams_2.11-2.5.4.jar, /Users/Scott/.ivy2/cache/org.reactivestreams/reactive-streams/jars/reactive-streams-1.0.0.jar, /Users/Scott/.ivy2/cache/com.typesafe.akka/akka-stream_2.11/jars/akka-stream_2.11-2.4.4.jar, /Users/Scott/.ivy2/cache/com.typesafe.akka/akka-actor_2.11/jars/akka-actor_2.11-2.4.4.jar, /Users/Scott/.ivy2/cache/org.scala-lang.modules/scala-java8-compat_2.11/bundles/scala-java8-compat_2.11-0.7.0.jar, /Users/Scott/.ivy2/cache/com.typesafe/ssl-config-akka_2.11/bundles/ssl-config-akka_2.11-0.2.1.jar, /Users/Scott/.ivy2/cache/com.typesafe/ssl-config-core_2.11/bundles/ssl-config-core_2.11-0.2.1.jar, /Users/Scott/.ivy2/cache/org.scala-lang.modules/scala-parser-combinators_2.11/bundles/scala-parser-combinators_2.11-1.0.4.jar, /Users/Scott/.ivy2/cache/com.typesafe.play/twirl-api_2.11/jars/twirl-api_2.11-1.1.1.jar, /Users/Scott/.ivy2/cache/org.apache.commons/commons-lang3/jars/commons-lang3-3.4.jar, /Users/Scott/.ivy2/cache/org.scala-lang.modules/scala-xml_2.11/bundles/scala-xml_2.11-1.0.1.jar, /Users/Scott/.ivy2/cache/com.typesafe.akka/akka-slf4j_2.11/jars/akka-slf4j_2.11-2.4.4.jar, /Users/Scott/.ivy2/cache/commons-codec/commons-codec/jars/commons-codec-1.10.jar, /Users/Scott/.ivy2/cache/xerces/xercesImpl/jars/xercesImpl-2.11.0.jar, /Users/Scott/.ivy2/cache/xml-apis/xml-apis/jars/xml-apis-1.4.01.jar, /Users/Scott/.ivy2/cache/javax.transaction/jta/jars/jta-1.1.jar, /Users/Scott/.ivy2/cache/com.google.inject/guice/jars/guice-4.0.jar, /Users/Scott/.ivy2/cache/javax.inject/javax.inject/jars/javax.inject-1.jar, /Users/Scott/.ivy2/cache/aopalliance/aopalliance/jars/aopalliance-1.0.jar, /Users/Scott/.ivy2/cache/com.google.guava/guava/bundles/guava-16.0.1.jar, /Users/Scott/.ivy2/cache/com.google.inject.extensions/guice-assistedinject/jars/guice-assistedinject-4.0.jar, /Users/Scott/.ivy2/cache/com.typesafe.netty/netty-reactive-streams-http/jars/netty-reactive-streams-http-1.0.6.jar, /Users/Scott/.ivy2/cache/com.typesafe.netty/netty-reactive-streams/jars/netty-reactive-streams-1.0.6.jar, /Users/Scott/.ivy2/cache/io.netty/netty-handler/jars/netty-handler-4.0.36.Final.jar, /Users/Scott/.ivy2/cache/io.netty/netty-buffer/jars/netty-buffer-4.0.36.Final.jar, /Users/Scott/.ivy2/cache/io.netty/netty-common/jars/netty-common-4.0.36.Final.jar, /Users/Scott/.ivy2/cache/io.netty/netty-transport/jars/netty-transport-4.0.36.Final.jar, /Users/Scott/.ivy2/cache/io.netty/netty-codec/jars/netty-codec-4.0.36.Final.jar, /Users/Scott/.ivy2/cache/io.netty/netty-codec-http/jars/netty-codec-http-4.0.36.Final.jar, /Users/Scott/.ivy2/cache/io.netty/netty-transport-native-epoll/jars/netty-transport-native-epoll-4.0.36.Final-linux-x86_64.jar, /Users/Scott/.ivy2/cache/com.typesafe.play/play-doc_2.11/jars/play-doc_2.11-1.2.2.jar, /Users/Scott/.ivy2/cache/org.pegdown/pegdown/jars/pegdown-1.4.0.jar, /Users/Scott/.ivy2/cache/org.parboiled/parboiled-java/bundles/parboiled-java-1.1.5.jar, /Users/Scott/.ivy2/cache/org.parboiled/parboiled-core/bundles/parboiled-core-1.1.5.jar, /Users/Scott/.ivy2/cache/org.ow2.asm/asm/jars/asm-4.1.jar, /Users/Scott/.ivy2/cache/org.ow2.asm/asm-tree/jars/asm-tree-4.1.jar, /Users/Scott/.ivy2/cache/org.ow2.asm/asm-analysis/jars/asm-analysis-4.1.jar, /Users/Scott/.ivy2/cache/org.ow2.asm/asm-util/jars/asm-util-4.1.jar, /Users/Scott/.ivy2/cache/commons-io/commons-io/jars/commons-io-2.4.jar),Some(/Users/Scott/.ivy2/cache/com.typesafe.play/play-omnidoc_2.11/jars/play-omnidoc_2.11-2.5.4.jar),List(),9000,0.0.0.0,DefaultWatchService,List(/Users/Scott/Code/aircheck-server/public, /Users/Scott/Code/aircheck-server/conf, /Users/Scott/Code/aircheck-server/app),/Users/Scott/Code/aircheck-server/target,500,root/playForkNotifyStart,root/playForkReload,300000,play.core.server.DevServerStart),scala.pickling.PicklerUnpickler$DelegatingPicklerUnpickler@5bd7072f),ForkConfig(/Users/Scott/Code/aircheck-server,List(-Djna.nosys=true),List(/Users/Scott/.ivy2/cache/org.scala-lang/scala-library/jars/scala-library-2.11.7.jar, /Users/Scott/.ivy2/cache/com.typesafe.play/twirl-api_2.11/jars/twirl-api_2.11-1.1.1.jar, /Users/Scott/.ivy2/cache/org.apache.commons/commons-lang3/jars/commons-lang3-3.4.jar, /Users/Scott/.ivy2/cache/org.scala-lang.modules/scala-xml_2.11/bundles/scala-xml_2.11-1.0.1.jar, /Users/Scott/.ivy2/cache/com.typesafe.play/play-server_2.11/jars/play-server_2.11-2.5.4.jar, /Users/Scott/.ivy2/cache/com.typesafe.play/play_2.11/jars/play_2.11-2.5.4.jar, /Users/Scott/.ivy2/cache/com.typesafe.play/build-link/jars/build-link-2.5.4.jar, /Users/Scott/.ivy2/cache/com.typesafe.play/play-exceptions/jars/play-exceptions-2.5.4.jar, /Users/Scott/.ivy2/cache/com.typesafe.play/play-iteratees_2.11/jars/play-iteratees_2.11-2.5.4.jar, /Users/Scott/.ivy2/cache/org.scala-stm/scala-stm_2.11/jars/scala-stm_2.11-0.7.jar, /Users/Scott/.ivy2/cache/com.typesafe/config/bundles/config-1.3.0.jar, /Users/Scott/.ivy2/cache/ch.qos.logback/logback-classic/jars/logback-classic-1.1.7.jar, /Users/Scott/.ivy2/cache/ch.qos.logback/logback-core/jars/logback-core-1.1.7.jar, /Users/Scott/.ivy2/cache/com.typesafe.play/play-json_2.11/jars/play-json_2.11-2.5.4.jar, /Users/Scott/.ivy2/cache/com.typesafe.play/play-functional_2.11/jars/play-functional_2.11-2.5.4.jar, /Users/Scott/.ivy2/cache/com.typesafe.play/play-datacommons_2.11/jars/play-datacommons_2.11-2.5.4.jar, /Users/Scott/.ivy2/cache/joda-time/joda-time/jars/joda-time-2.9.2.jar, /Users/Scott/.ivy2/cache/org.joda/joda-convert/jars/joda-convert-1.8.1.jar, /Users/Scott/.ivy2/cache/org.scala-lang/scala-reflect/jars/scala-reflect-2.11.7.jar, /Users/Scott/.ivy2/cache/com.fasterxml.jackson.core/jackson-core/bundles/jackson-core-2.7.1.jar, /Users/Scott/.ivy2/cache/com.fasterxml.jackson.core/jackson-annotations/bundles/jackson-annotations-2.7.1.jar, /Users/Scott/.ivy2/cache/com.fasterxml.jackson.core/jackson-databind/bundles/jackson-databind-2.7.1.jar, /Users/Scott/.ivy2/cache/com.fasterxml.jackson.datatype/jackson-datatype-jdk8/bundles/jackson-datatype-jdk8-2.7.1.jar, /Users/Scott/.ivy2/cache/com.fasterxml.jackson.datatype/jackson-datatype-jsr310/bundles/jackson-datatype-jsr310-2.7.1.jar, /Users/Scott/.ivy2/cache/com.typesafe.play/play-netty-utils/jars/play-netty-utils-2.5.4.jar, /Users/Scott/.ivy2/cache/org.slf4j/jul-to-slf4j/jars/jul-to-slf4j-1.7.19.jar, /Users/Scott/.ivy2/cache/org.slf4j/jcl-over-slf4j/jars/jcl-over-slf4j-1.7.19.jar, /Users/Scott/.ivy2/cache/com.typesafe.play/play-streams_2.11/jars/play-streams_2.11-2.5.4.jar, /Users/Scott/.ivy2/cache/org.reactivestreams/reactive-streams/jars/reactive-streams-1.0.0.jar, /Users/Scott/.ivy2/cache/com.typesafe.akka/akka-stream_2.11/jars/akka-stream_2.11-2.4.4.jar, /Users/Scott/.ivy2/cache/com.typesafe.akka/akka-actor_2.11/jars/akka-actor_2.11-2.4.4.jar, /Users/Scott/.ivy2/cache/org.scala-lang.modules/scala-java8-compat_2.11/bundles/scala-java8-compat_2.11-0.7.0.jar, /Users/Scott/.ivy2/cache/com.typesafe/ssl-config-akka_2.11/bundles/ssl-config-akka_2.11-0.2.1.jar, /Users/Scott/.ivy2/cache/com.typesafe/ssl-config-core_2.11/bundles/ssl-config-core_2.11-0.2.1.jar, /Users/Scott/.ivy2/cache/org.scala-lang.modules/scala-parser-combinators_2.11/bundles/scala-parser-combinators_2.11-1.0.4.jar, /Users/Scott/.ivy2/cache/com.typesafe.akka/akka-slf4j_2.11/jars/akka-slf4j_2.11-2.4.4.jar, /Users/Scott/.ivy2/cache/commons-codec/commons-codec/jars/commons-codec-1.10.jar, /Users/Scott/.ivy2/cache/xerces/xercesImpl/jars/xercesImpl-2.11.0.jar, /Users/Scott/.ivy2/cache/xml-apis/xml-apis/jars/xml-apis-1.4.01.jar, /Users/Scott/.ivy2/cache/javax.transaction/jta/jars/jta-1.1.jar, /Users/Scott/.ivy2/cache/com.google.inject/guice/jars/guice-4.0.jar, /Users/Scott/.ivy2/cache/javax.inject/javax.inject/jars/javax.inject-1.jar, /Users/Scott/.ivy2/cache/aopalliance/aopalliance/jars/aopalliance-1.0.jar, /Users/Scott/.ivy2/cache/com.google.inject.extensions/guice-assistedinject/jars/guice-assistedinject-4.0.jar, /Users/Scott/.ivy2/cache/com.typesafe.play/play-netty-server_2.11/jars/play-netty-server_2.11-2.5.4.jar, /Users/Scott/.ivy2/cache/com.typesafe.netty/netty-reactive-streams-http/jars/netty-reactive-streams-http-1.0.6.jar, /Users/Scott/.ivy2/cache/com.typesafe.netty/netty-reactive-streams/jars/netty-reactive-streams-1.0.6.jar, /Users/Scott/.ivy2/cache/io.netty/netty-handler/jars/netty-handler-4.0.36.Final.jar, /Users/Scott/.ivy2/cache/io.netty/netty-buffer/jars/netty-buffer-4.0.36.Final.jar, /Users/Scott/.ivy2/cache/io.netty/netty-common/jars/netty-common-4.0.36.Final.jar, /Users/Scott/.ivy2/cache/io.netty/netty-transport/jars/netty-transport-4.0.36.Final.jar, /Users/Scott/.ivy2/cache/io.netty/netty-codec/jars/netty-codec-4.0.36.Final.jar, /Users/Scott/.ivy2/cache/io.netty/netty-codec-http/jars/netty-codec-http-4.0.36.Final.jar, /Users/Scott/.ivy2/cache/io.netty/netty-transport-native-epoll/jars/netty-transport-native-epoll-4.0.36.Final-linux-x86_64.jar, /Users/Scott/.ivy2/cache/com.typesafe.play/play-logback_2.11/jars/play-logback_2.11-2.5.4.jar, /Users/Scott/.ivy2/cache/com.typesafe.play/play-jdbc_2.11/jars/play-jdbc_2.11-2.5.4.jar, /Users/Scott/.ivy2/cache/com.typesafe.play/play-jdbc-api_2.11/jars/play-jdbc-api_2.11-2.5.4.jar, /Users/Scott/.ivy2/cache/com.jolbox/bonecp/bundles/bonecp-0.8.0.RELEASE.jar, /Users/Scott/.ivy2/cache/com.zaxxer/HikariCP/bundles/HikariCP-2.4.3.jar, /Users/Scott/.ivy2/cache/com.googlecode.usc/jdbcdslog/jars/jdbcdslog-1.0.6.2.jar, /Users/Scott/.ivy2/cache/com.h2database/h2/jars/h2-1.4.191.jar, /Users/Scott/.ivy2/cache/tyrex/tyrex/jars/tyrex-1.0.1.jar, /Users/Scott/.ivy2/cache/com.typesafe.play/play-cache_2.11/jars/play-cache_2.11-2.5.4.jar, /Users/Scott/.ivy2/cache/net.sf.ehcache/ehcache-core/jars/ehcache-core-2.6.11.jar, /Users/Scott/.ivy2/cache/com.typesafe.play/play-ws_2.11/jars/play-ws_2.11-2.5.4.jar, /Users/Scott/.ivy2/cache/com.google.guava/guava/bundles/guava-19.0.jar, /Users/Scott/.ivy2/cache/org.asynchttpclient/async-http-client/jars/async-http-client-2.0.2.jar, /Users/Scott/.ivy2/cache/org.asynchttpclient/netty-resolver-dns/jars/netty-resolver-dns-2.0.2.jar, /Users/Scott/.ivy2/cache/org.asynchttpclient/netty-resolver/jars/netty-resolver-2.0.2.jar, /Users/Scott/.ivy2/cache/org.slf4j/slf4j-api/jars/slf4j-api-1.7.21.jar, /Users/Scott/.ivy2/cache/org.asynchttpclient/netty-codec-dns/jars/netty-codec-dns-2.0.2.jar, /Users/Scott/.ivy2/cache/org.javassist/javassist/bundles/javassist-3.20.0-GA.jar, /Users/Scott/.ivy2/cache/oauth.signpost/signpost-core/jars/signpost-core-1.2.1.2.jar, /Users/Scott/.ivy2/cache/oauth.signpost/signpost-commonshttp4/jars/signpost-commonshttp4-1.2.1.2.jar, /Users/Scott/.ivy2/cache/org.apache.httpcomponents/httpcore/jars/httpcore-4.0.1.jar, /Users/Scott/.ivy2/cache/org.apache.httpcomponents/httpclient/jars/httpclient-4.0.1.jar, /Users/Scott/.ivy2/cache/commons-logging/commons-logging/jars/commons-logging-1.1.1.jar, /Users/Scott/.ivy2/cache/com.typesafe.play/filters-helpers_2.11/jars/filters-helpers_2.11-2.5.4.jar, /Users/Scott/.ivy2/cache/com.typesafe.play/play-java_2.11/jars/play-java_2.11-2.5.4.jar, /Users/Scott/.ivy2/cache/org.yaml/snakeyaml/bundles/snakeyaml-1.16.jar, /Users/Scott/.ivy2/cache/org.hibernate/hibernate-validator/jars/hibernate-validator-5.2.4.Final.jar, /Users/Scott/.ivy2/cache/javax.validation/validation-api/jars/validation-api-1.1.0.Final.jar, /Users/Scott/.ivy2/cache/org.jboss.logging/jboss-logging/jars/jboss-logging-3.2.1.Final.jar, /Users/Scott/.ivy2/cache/com.fasterxml/classmate/bundles/classmate-1.1.0.jar, /Users/Scott/.ivy2/cache/javax.el/javax.el-api/jars/javax.el-api-3.0.0.jar, /Users/Scott/.ivy2/cache/org.springframework/spring-context/jars/spring-context-4.2.4.RELEASE.jar, /Users/Scott/.ivy2/cache/org.springframework/spring-core/jars/spring-core-4.2.4.RELEASE.jar, /Users/Scott/.ivy2/cache/org.springframework/spring-beans/jars/spring-beans-4.2.4.RELEASE.jar, /Users/Scott/.ivy2/cache/org.reflections/reflections/jars/reflections-0.9.10.jar, /Users/Scott/.ivy2/cache/net.jodah/typetools/bundles/typetools-0.4.4.jar, /Users/Scott/.ivy2/cache/com.google.code.findbugs/jsr305/jars/jsr305-3.0.1.jar, /Users/Scott/.ivy2/cache/org.apache.tomcat/tomcat-servlet-api/jars/tomcat-servlet-api-8.0.33.jar, /Users/Scott/.ivy2/cache/mysql/mysql-connector-java/jars/mysql-connector-java-6.0.3.jar),List((public/,/Users/Scott/Code/aircheck-server/target/web/public/main)),List(/Users/Scott/.ivy2/cache/com.typesafe.play/play-omnidoc_2.11/jars/play-omnidoc_2.11-2.5.4.jar, /Users/Scott/.ivy2/cache/org.scala-lang/scala-library/jars/scala-library-2.11.7.jar, /Users/Scott/.ivy2/cache/com.typesafe.play/play-docs_2.11/jars/play-docs_2.11-2.5.4.jar, /Users/Scott/.ivy2/cache/com.typesafe.play/play-netty-server_2.11/jars/play-netty-server_2.11-2.5.4.jar, /Users/Scott/.ivy2/cache/com.typesafe.play/play-server_2.11/jars/play-server_2.11-2.5.4.jar, /Users/Scott/.ivy2/cache/com.typesafe.play/play_2.11/jars/play_2.11-2.5.4.jar, /Users/Scott/.ivy2/cache/com.typesafe.play/build-link/jars/build-link-2.5.4.jar, /Users/Scott/.ivy2/cache/com.typesafe.play/play-exceptions/jars/play-exceptions-2.5.4.jar, /Users/Scott/.ivy2/cache/com.typesafe.play/play-iteratees_2.11/jars/play-iteratees_2.11-2.5.4.jar, /Users/Scott/.ivy2/cache/org.scala-stm/scala-stm_2.11/jars/scala-stm_2.11-0.7.jar, /Users/Scott/.ivy2/cache/com.typesafe/config/bundles/config-1.3.0.jar, /Users/Scott/.ivy2/cache/ch.qos.logback/logback-classic/jars/logback-classic-1.1.7.jar, /Users/Scott/.ivy2/cache/ch.qos.logback/logback-core/jars/logback-core-1.1.7.jar, /Users/Scott/.ivy2/cache/org.slf4j/slf4j-api/jars/slf4j-api-1.7.19.jar, /Users/Scott/.ivy2/cache/com.typesafe.play/play-json_2.11/jars/play-json_2.11-2.5.4.jar, /Users/Scott/.ivy2/cache/com.typesafe.play/play-functional_2.11/jars/play-functional_2.11-2.5.4.jar, /Users/Scott/.ivy2/cache/com.typesafe.play/play-datacommons_2.11/jars/play-datacommons_2.11-2.5.4.jar, /Users/Scott/.ivy2/cache/joda-time/joda-time/jars/joda-time-2.9.2.jar, /Users/Scott/.ivy2/cache/org.joda/joda-convert/jars/joda-convert-1.8.1.jar, /Users/Scott/.ivy2/cache/org.scala-lang/scala-reflect/jars/scala-reflect-2.11.7.jar, /Users/Scott/.ivy2/cache/com.fasterxml.jackson.core/jackson-core/bundles/jackson-core-2.7.1.jar, /Users/Scott/.ivy2/cache/com.fasterxml.jackson.core/jackson-annotations/bundles/jackson-annotations-2.7.1.jar, /Users/Scott/.ivy2/cache/com.fasterxml.jackson.core/jackson-databind/bundles/jackson-databind-2.7.1.jar, /Users/Scott/.ivy2/cache/com.fasterxml.jackson.datatype/jackson-datatype-jdk8/bundles/jackson-datatype-jdk8-2.7.1.jar, /Users/Scott/.ivy2/cache/com.fasterxml.jackson.datatype/jackson-datatype-jsr310/bundles/jackson-datatype-jsr310-2.7.1.jar, /Users/Scott/.ivy2/cache/com.typesafe.play/play-netty-utils/jars/play-netty-utils-2.5.4.jar, /Users/Scott/.ivy2/cache/org.slf4j/jul-to-slf4j/jars/jul-to-slf4j-1.7.19.jar, /Users/Scott/.ivy2/cache/org.slf4j/jcl-over-slf4j/jars/jcl-over-slf4j-1.7.19.jar, /Users/Scott/.ivy2/cache/com.typesafe.play/play-streams_2.11/jars/play-streams_2.11-2.5.4.jar, /Users/Scott/.ivy2/cache/org.reactivestreams/reactive-streams/jars/reactive-streams-1.0.0.jar, /Users/Scott/.ivy2/cache/com.typesafe.akka/akka-stream_2.11/jars/akka-stream_2.11-2.4.4.jar, /Users/Scott/.ivy2/cache/com.typesafe.akka/akka-actor_2.11/jars/akka-actor_2.11-2.4.4.jar, /Users/Scott/.ivy2/cache/org.scala-lang.modules/scala-java8-compat_2.11/bundles/scala-java8-compat_2.11-0.7.0.jar, /Users/Scott/.ivy2/cache/com.typesafe/ssl-config-akka_2.11/bundles/ssl-config-akka_2.11-0.2.1.jar, /Users/Scott/.ivy2/cache/com.typesafe/ssl-config-core_2.11/bundles/ssl-config-core_2.11-0.2.1.jar, /Users/Scott/.ivy2/cache/org.scala-lang.modules/scala-parser-combinators_2.11/bundles/scala-parser-combinators_2.11-1.0.4.jar, /Users/Scott/.ivy2/cache/com.typesafe.play/twirl-api_2.11/jars/twirl-api_2.11-1.1.1.jar, /Users/Scott/.ivy2/cache/org.apache.commons/commons-lang3/jars/commons-lang3-3.4.jar, /Users/Scott/.ivy2/cache/org.scala-lang.modules/scala-xml_2.11/bundles/scala-xml_2.11-1.0.1.jar, /Users/Scott/.ivy2/cache/com.typesafe.akka/akka-slf4j_2.11/jars/akka-slf4j_2.11-2.4.4.jar, /Users/Scott/.ivy2/cache/commons-codec/commons-codec/jars/commons-codec-1.10.jar, /Users/Scott/.ivy2/cache/xerces/xercesImpl/jars/xercesImpl-2.11.0.jar, /Users/Scott/.ivy2/cache/xml-apis/xml-apis/jars/xml-apis-1.4.01.jar, /Users/Scott/.ivy2/cache/javax.transaction/jta/jars/jta-1.1.jar, /Users/Scott/.ivy2/cache/com.google.inject/guice/jars/guice-4.0.jar, /Users/Scott/.ivy2/cache/javax.inject/javax.inject/jars/javax.inject-1.jar, /Users/Scott/.ivy2/cache/aopalliance/aopalliance/jars/aopalliance-1.0.jar, /Users/Scott/.ivy2/cache/com.google.guava/guava/bundles/guava-16.0.1.jar, /Users/Scott/.ivy2/cache/com.google.inject.extensions/guice-assistedinject/jars/guice-assistedinject-4.0.jar, /Users/Scott/.ivy2/cache/com.typesafe.netty/netty-reactive-streams-http/jars/netty-reactive-streams-http-1.0.6.jar, /Users/Scott/.ivy2/cache/com.typesafe.netty/netty-reactive-streams/jars/netty-reactive-streams-1.0.6.jar, /Users/Scott/.ivy2/cache/io.netty/netty-handler/jars/netty-handler-4.0.36.Final.jar, /Users/Scott/.ivy2/cache/io.netty/netty-buffer/jars/netty-buffer-4.0.36.Final.jar, /Users/Scott/.ivy2/cache/io.netty/netty-common/jars/netty-common-4.0.36.Final.jar, /Users/Scott/.ivy2/cache/io.netty/netty-transport/jars/netty-transport-4.0.36.Final.jar, /Users/Scott/.ivy2/cache/io.netty/netty-codec/jars/netty-codec-4.0.36.Final.jar, /Users/Scott/.ivy2/cache/io.netty/netty-codec-http/jars/netty-codec-http-4.0.36.Final.jar, /Users/Scott/.ivy2/cache/io.netty/netty-transport-native-epoll/jars/netty-transport-native-epoll-4.0.36.Final-linux-x86_64.jar, /Users/Scott/.ivy2/cache/com.typesafe.play/play-doc_2.11/jars/play-doc_2.11-1.2.2.jar, /Users/Scott/.ivy2/cache/org.pegdown/pegdown/jars/pegdown-1.4.0.jar, /Users/Scott/.ivy2/cache/org.parboiled/parboiled-java/bundles/parboiled-java-1.1.5.jar, /Users/Scott/.ivy2/cache/org.parboiled/parboiled-core/bundles/parboiled-core-1.1.5.jar, /Users/Scott/.ivy2/cache/org.ow2.asm/asm/jars/asm-4.1.jar, /Users/Scott/.ivy2/cache/org.ow2.asm/asm-tree/jars/asm-tree-4.1.jar, /Users/Scott/.ivy2/cache/org.ow2.asm/asm-analysis/jars/asm-analysis-4.1.jar, /Users/Scott/.ivy2/cache/org.ow2.asm/asm-util/jars/asm-util-4.1.jar, /Users/Scott/.ivy2/cache/commons-io/commons-io/jars/commons-io-2.4.jar),Some(/Users/Scott/.ivy2/cache/com.typesafe.play/play-omnidoc_2.11/jars/play-omnidoc_2.11-2.5.4.jar),List(),9000,0.0.0.0,DefaultWatchService,List(/Users/Scott/Code/aircheck-server/public, /Users/Scott/Code/aircheck-server/conf, /Users/Scott/Code/aircheck-server/app),/Users/Scott/Code/aircheck-server/target,500,root/playForkNotifyStart,root/playForkReload,300000,play.core.server.DevServerStart))))
Sending msg to client play-fork-run-f0207990-0d48-4dd2-bbdd-ab0f15f47aec: TaskStarted(75,6228,None)
Sending msg to client play-fork-run-f0207990-0d48-4dd2-bbdd-ab0f15f47aec: TaskFinished(75,6228,None,true,None)
Sending msg to client play-fork-run-f0207990-0d48-4dd2-bbdd-ab0f15f47aec: TaskStarted(75,6227,None)
Sending msg to client play-fork-run-f0207990-0d48-4dd2-bbdd-ab0f15f47aec: TaskFinished(75,6227,None,true,None)
Sending msg to client play-fork-run-f0207990-0d48-4dd2-bbdd-ab0f15f47aec: DetachedLogEvent(LogMessage(debug,cancel strategy finish enabled=false lastCommand=Some(LastCommand(CommandExecutionWork(ExecutionId(75),{file:/Users/Scott/Code/aircheck-server/}root/*:playForkConfig,Set(LiveClient(play-fork-run f0207990-0d48-4dd2-bbdd-ab0f15f47aec)),sbt.server.WorkCancellationStatus$$anon$1@2372d447)))))
Sending msg to client play-fork-run-f0207990-0d48-4dd2-bbdd-ab0f15f47aec: DetachedLogEvent(LogSuccess(Total time: 0 s, completed Sep 18, 2016 4:56:30 PM))
Sending msg to client play-fork-run-f0207990-0d48-4dd2-bbdd-ab0f15f47aec: DetachedLogEvent(LogMessage(debug,> server-post-command-cleanup))
Sending msg to client play-fork-run-f0207990-0d48-4dd2-bbdd-ab0f15f47aec: ExecutionSuccess(75)
Sending msg to client play-fork-run-f0207990-0d48-4dd2-bbdd-ab0f15f47aec: DetachedLogEvent(LogMessage(debug,> server-handle-next-server-request))
Sending msg to client play-fork-run-f0207990-0d48-4dd2-bbdd-ab0f15f47aec: BackgroundJobLogEvent(12,LogMessage(info,))
Sending msg to client play-fork-run-f0207990-0d48-4dd2-bbdd-ab0f15f47aec: BackgroundJobLogEvent(12,LogMessage(info,[35m--- (Running the application, auto-reloading is enabled) ---[0m))
Sending msg to client play-fork-run-f0207990-0d48-4dd2-bbdd-ab0f15f47aec: BackgroundJobLogEvent(12,LogMessage(info,))
Sending msg to client play-fork-run-f0207990-0d48-4dd2-bbdd-ab0f15f47aec: BackgroundJobLogEvent(12,LogMessage(info,p.c.s.NettyServer - Listening for HTTP on /0:0:0:0:0:0:0:0:9000))
Sending msg to client play-fork-run-f0207990-0d48-4dd2-bbdd-ab0f15f47aec: BackgroundJobLogEvent(12,LogMessage(info,))
Sending msg to client play-fork-run-f0207990-0d48-4dd2-bbdd-ab0f15f47aec: BackgroundJobLogEvent(12,LogMessage(info,[32m(Server started, use Ctrl+D to stop and go back to the console...)[0m))
Sending msg to client play-fork-run-f0207990-0d48-4dd2-bbdd-ab0f15f47aec: BackgroundJobLogEvent(12,LogMessage(info,))
Got request: ExecutionRequest(root/playForkNotifyStart http://localhost:9000)
Reading next message from client.
Sending msg to client play-fork-run-f0207990-0d48-4dd2-bbdd-ab0f15f47aec: (8,ExecutionRequestReceived(76))
Sending msg to client play-fork-run-f0207990-0d48-4dd2-bbdd-ab0f15f47aec: ExecutionWaiting(76,root/playForkNotifyStart http://localhost:9000,ClientInfo(f0207990-0d48-4dd2-bbdd-ab0f15f47aec,play-fork-run,Play Fork Run,1,Vector()))
Sending msg to client play-fork-run-f0207990-0d48-4dd2-bbdd-ab0f15f47aec: ExecutionStarting(76)
Sending msg to client play-fork-run-f0207990-0d48-4dd2-bbdd-ab0f15f47aec: DetachedLogEvent(LogMessage(debug,> root/playForkNotifyStart http://localhost:9000))
Sending msg to client play-fork-run-f0207990-0d48-4dd2-bbdd-ab0f15f47aec: DetachedLogEvent(LogMessage(debug,Evaluating tasks: *:playForkNotifyStart))
Sending msg to client play-fork-run-f0207990-0d48-4dd2-bbdd-ab0f15f47aec: DetachedLogEvent(LogMessage(debug,Running task... Cancel: sbt.server.ServerTaskCancellation@2c0fd7c6, check cycles: false))
Sending msg to client play-fork-run-f0207990-0d48-4dd2-bbdd-ab0f15f47aec: DetachedLogEvent(LogMessage(debug,cancel strategy start enabled=true lastCommand=Some(LastCommand(CommandExecutionWork(ExecutionId(76),root/playForkNotifyStart http://localhost:9000,Set(LiveClient(play-fork-run f0207990-0d48-4dd2-bbdd-ab0f15f47aec)),sbt.server.WorkCancellationStatus$$anon$1@2531c4fd)))))
Sending msg to client play-fork-run-f0207990-0d48-4dd2-bbdd-ab0f15f47aec: TaskStarted(76,6307,Some(AttributeKey[sbt.SendEventService]("sendEventService") in Scope(Global)))
Sending msg to client play-fork-run-f0207990-0d48-4dd2-bbdd-ab0f15f47aec: TaskFinished(76,6307,Some(AttributeKey[sbt.SendEventService]("sendEventService") in Scope(Global)),true,None)
Sending msg to client play-fork-run-f0207990-0d48-4dd2-bbdd-ab0f15f47aec: TaskStarted(76,6306,Some(AttributeKey[scala.Function1[java.lang.String,void]]("playForkStarted") in Scope(Build: file:/Users/Scott/Code/aircheck-server/, , Project: ProjectReference(file:/Users/Scott/Code/aircheck-server/,root))))
Sending msg to client play-fork-run-f0207990-0d48-4dd2-bbdd-ab0f15f47aec: TaskFinished(76,6306,Some(AttributeKey[scala.Function1[java.lang.String,void]]("playForkStarted") in Scope(Build: file:/Users/Scott/Code/aircheck-server/, , Project: ProjectReference(file:/Users/Scott/Code/aircheck-server/,root))),true,None)
Sending msg to client play-fork-run-f0207990-0d48-4dd2-bbdd-ab0f15f47aec: TaskStarted(76,6305,Some(AttributeKey[void]("playForkNotifyStart") in Scope(Build: file:/Users/Scott/Code/aircheck-server/, , Project: ProjectReference(file:/Users/Scott/Code/aircheck-server/,root))))
Sending msg to client play-fork-run-f0207990-0d48-4dd2-bbdd-ab0f15f47aec: TaskEvent(6305,LazyValue(PlayServerStarted(http://localhost:9000),play.forkrun.protocol.Serializers$PlayForkrunProtocolPlayServerStartedPickler1$2$@26f049aa))
Sending msg to client play-fork-run-f0207990-0d48-4dd2-bbdd-ab0f15f47aec: TaskFinished(76,6305,Some(AttributeKey[void]("playForkNotifyStart") in Scope(Build: file:/Users/Scott/Code/aircheck-server/, , Project: ProjectReference(file:/Users/Scott/Code/aircheck-server/,root))),true,None)
Sending msg to client play-fork-run-f0207990-0d48-4dd2-bbdd-ab0f15f47aec: TaskStarted(76,6304,None)
Sending msg to client play-fork-run-f0207990-0d48-4dd2-bbdd-ab0f15f47aec: TaskFinished(76,6304,None,true,None)
Sending msg to client play-fork-run-f0207990-0d48-4dd2-bbdd-ab0f15f47aec: TaskStarted(76,6303,None)
Sending msg to client play-fork-run-f0207990-0d48-4dd2-bbdd-ab0f15f47aec: TaskFinished(76,6303,None,true,None)
Sending msg to client play-fork-run-f0207990-0d48-4dd2-bbdd-ab0f15f47aec: DetachedLogEvent(LogMessage(debug,cancel strategy finish enabled=false lastCommand=Some(LastCommand(CommandExecutionWork(ExecutionId(76),root/playForkNotifyStart http://localhost:9000,Set(LiveClient(play-fork-run f0207990-0d48-4dd2-bbdd-ab0f15f47aec)),sbt.server.WorkCancellationStatus$$anon$1@2531c4fd)))))
Sending msg to client play-fork-run-f0207990-0d48-4dd2-bbdd-ab0f15f47aec: DetachedLogEvent(LogSuccess(Total time: 0 s, completed Sep 18, 2016 4:56:32 PM))
Sending msg to client play-fork-run-f0207990-0d48-4dd2-bbdd-ab0f15f47aec: DetachedLogEvent(LogMessage(debug,> server-post-command-cleanup))
Sending msg to client play-fork-run-f0207990-0d48-4dd2-bbdd-ab0f15f47aec: ExecutionSuccess(76)
Sending msg to client play-fork-run-f0207990-0d48-4dd2-bbdd-ab0f15f47aec: DetachedLogEvent(LogMessage(debug,> server-handle-next-server-request))
Sending msg to client play-fork-run-f0207990-0d48-4dd2-bbdd-ab0f15f47aec: BackgroundJobLogEvent(11,LogMessage(info,JVM exiting, shutting down Play fork run ...))
Sending msg to client play-fork-run-f0207990-0d48-4dd2-bbdd-ab0f15f47aec: BackgroundJobLogEvent(11,LogMessage(info,Play fork run already stopped ...))
Sending msg to client play-fork-run-f0207990-0d48-4dd2-bbdd-ab0f15f47aec: BackgroundJobLogEvent(11,LogMessage(info,Forked Play process exited with status: 0))
Sending msg to client play-fork-run-f0207990-0d48-4dd2-bbdd-ab0f15f47aec: BackgroundJobFinished(68,11)
